{
  "stats": {
    "suites": 1,
    "tests": 5,
    "passes": 5,
    "pending": 0,
    "failures": 0,
    "start": "2022-03-26T17:20:58.379Z",
    "end": "2022-03-26T17:21:24.309Z",
    "duration": 25930,
    "testsRegistered": 5,
    "passPercent": 100,
    "pendingPercent": 0,
    "other": 0,
    "hasOther": false,
    "skipped": 0,
    "hasSkipped": false
  },
  "results": [
    {
      "uuid": "6afd4e1f-3cf1-420d-9c20-4ce17c650070",
      "title": "",
      "fullFile": "cypress/integration/login/login.test.js",
      "file": "cypress/integration/login/login.test.js",
      "beforeHooks": [],
      "afterHooks": [],
      "tests": [],
      "suites": [
        {
          "uuid": "0b834ab7-d174-4663-9008-7c986051c60a",
          "title": "loginCredentials Tests",
          "fullFile": "",
          "file": "",
          "beforeHooks": [],
          "afterHooks": [],
          "tests": [
            {
              "title": "Validates the user loginCredentials when loginCredentials credential are incorrect",
              "fullTitle": "loginCredentials Tests Validates the user loginCredentials when loginCredentials credential are incorrect",
              "timedOut": null,
              "duration": 10889,
              "state": "passed",
              "speed": "slow",
              "pass": true,
              "fail": false,
              "pending": false,
              "context": null,
              "code": "_loginPage.default.loginCredentials(credentials.dummyUsername, credentials.dummyPassword);\n_loginPage.default.submit();\ncy.get('#spanMessage').should('contain', 'Invalid credentials');",
              "err": {},
              "uuid": "1380569d-88e6-4a5c-9459-4b4adf744b6b",
              "parentUUID": "0b834ab7-d174-4663-9008-7c986051c60a",
              "isHook": false,
              "skipped": false
            },
            {
              "title": "Validates loginCredentials when username and password is not entered",
              "fullTitle": "loginCredentials Tests Validates loginCredentials when username and password is not entered",
              "timedOut": null,
              "duration": 211,
              "state": "passed",
              "speed": "fast",
              "pass": true,
              "fail": false,
              "pending": false,
              "context": null,
              "code": "_loginPage.default.submit();\ncy.get('#spanMessage').should('contain', 'Username cannot be empty');",
              "err": {},
              "uuid": "2f7b35cf-4765-4756-8488-9516a279cff8",
              "parentUUID": "0b834ab7-d174-4663-9008-7c986051c60a",
              "isHook": false,
              "skipped": false
            },
            {
              "title": "Validates loginCredentials when the password field is empty",
              "fullTitle": "loginCredentials Tests Validates loginCredentials when the password field is empty",
              "timedOut": null,
              "duration": 557,
              "state": "passed",
              "speed": "fast",
              "pass": true,
              "fail": false,
              "pending": false,
              "context": null,
              "code": "_loginPage.default.loginCredentials(credentials.dummyUsername, '');\n_loginPage.default.submit();\ncy.get('#spanMessage').should('contain', 'Password cannot be empty');",
              "err": {},
              "uuid": "740f849a-af12-445b-9bd5-1f736e8d50b2",
              "parentUUID": "0b834ab7-d174-4663-9008-7c986051c60a",
              "isHook": false,
              "skipped": false
            },
            {
              "title": "Validate loginCredentials when correct credentials are entered",
              "fullTitle": "loginCredentials Tests Validate loginCredentials when correct credentials are entered",
              "timedOut": null,
              "duration": 7403,
              "state": "passed",
              "speed": "medium",
              "pass": true,
              "fail": false,
              "pending": false,
              "context": null,
              "code": "_loginPage.default.loginCredentials(credentials.username, credentials.password);\n_loginPage.default.submit();",
              "err": {},
              "uuid": "4ba46cd2-3313-4c68-860b-2cce40b81bfd",
              "parentUUID": "0b834ab7-d174-4663-9008-7c986051c60a",
              "isHook": false,
              "skipped": false
            },
            {
              "title": "Validate if the user can logout successfully",
              "fullTitle": "loginCredentials Tests Validate if the user can logout successfully",
              "timedOut": null,
              "duration": 5313,
              "state": "passed",
              "speed": "medium",
              "pass": true,
              "fail": false,
              "pending": false,
              "context": null,
              "code": "_loginPage.default.loginCredentials(credentials.username, credentials.password);\n_loginPage.default.submit();\n_loginPage.default.logOut();",
              "err": {},
              "uuid": "323767bb-904f-45f6-b047-f3a64d7c5387",
              "parentUUID": "0b834ab7-d174-4663-9008-7c986051c60a",
              "isHook": false,
              "skipped": false
            }
          ],
          "suites": [],
          "passes": [
            "1380569d-88e6-4a5c-9459-4b4adf744b6b",
            "2f7b35cf-4765-4756-8488-9516a279cff8",
            "740f849a-af12-445b-9bd5-1f736e8d50b2",
            "4ba46cd2-3313-4c68-860b-2cce40b81bfd",
            "323767bb-904f-45f6-b047-f3a64d7c5387"
          ],
          "failures": [],
          "pending": [],
          "skipped": [],
          "duration": 24373,
          "root": false,
          "rootEmpty": false,
          "_timeout": 2000
        }
      ],
      "passes": [],
      "failures": [],
      "pending": [],
      "skipped": [],
      "duration": 0,
      "root": true,
      "rootEmpty": true,
      "_timeout": 2000
    }
  ],
  "meta": {
    "mocha": {
      "version": "7.0.1"
    },
    "mochawesome": {
      "options": {
        "quiet": false,
        "reportFilename": "mochawesome",
        "saveHtml": false,
        "saveJson": true,
        "consoleReporter": "spec",
        "useInlineDiffs": false,
        "code": true
      },
      "version": "7.1.1"
    },
    "marge": {
      "options": {
        "id": "default",
        "reportDir": "cypress/reports/mocha",
        "quite": true,
        "overwrite": false,
        "html": false,
        "json": true
      },
      "version": "6.1.0"
    }
  }
}