{
  "stats": {
    "suites": 1,
    "tests": 3,
    "passes": 1,
    "pending": 0,
    "failures": 2,
    "start": "2022-03-04T13:48:58.023Z",
    "end": "2022-03-04T13:49:17.232Z",
    "duration": 19209,
    "testsRegistered": 3,
    "passPercent": 33.33333333333333,
    "pendingPercent": 0,
    "other": 0,
    "hasOther": false,
    "skipped": 0,
    "hasSkipped": false
  },
  "results": [
    {
      "uuid": "24f9ceab-3af1-44a5-942b-622b0eba7863",
      "title": "",
      "fullFile": "cypress/integration/mytests/leave.test.js",
      "file": "cypress/integration/mytests/leave.test.js",
      "beforeHooks": [],
      "afterHooks": [],
      "tests": [],
      "suites": [
        {
          "uuid": "8643cae1-2bab-49c2-b1c5-756b1fc517f8",
          "title": "Leave Tests",
          "fullFile": "",
          "file": "",
          "beforeHooks": [],
          "afterHooks": [],
          "tests": [
            {
              "title": "Validates if you can add leave type",
              "fullTitle": "Leave Tests Validates if you can add leave type",
              "timedOut": null,
              "duration": 5433,
              "state": "passed",
              "speed": "medium",
              "pass": true,
              "fail": false,
              "pending": false,
              "context": null,
              "code": "_leavePage.default.leaveTypesOption();\n_leavePage.default.addLeaveTypeButton();\n_leavePage.default.leaveTypeName(credentials.leaveTypeName);\n_leavePage.default.saveLeaveTypebutton();",
              "err": {},
              "uuid": "f583c118-be5e-4e0b-bac7-0b4ba4b95813",
              "parentUUID": "8643cae1-2bab-49c2-b1c5-756b1fc517f8",
              "isHook": false,
              "skipped": false
            },
            {
              "title": "Validates if you can delete leave type",
              "fullTitle": "Leave Tests Validates if you can delete leave type",
              "timedOut": null,
              "duration": 8468,
              "state": "failed",
              "speed": null,
              "pass": false,
              "fail": true,
              "pending": false,
              "context": null,
              "code": "_leavePage.default.leaveTypesOption();\n_leavePage.default.deleteLeaveType();",
              "err": {
                "message": "CypressError: Timed out retrying after 4050ms: `cy.click()` failed because this element is `disabled`:\n\n`<input type=\"submit\" class=\"delete\" id=\"btnDelete\" name=\"btnDelete\" value=\"Delete\" data-toggle=\"modal\" data-target=\"#deleteConfModal\" disabled=\"disabled\">`\n\nFix this problem, or use `{force: true}` to disable error checking.\n\nhttps://on.cypress.io/element-cannot-be-interacted-with",
                "estack": "CypressError: Timed out retrying after 4050ms: `cy.click()` failed because this element is `disabled`:\n\n`<input type=\"submit\" class=\"delete\" id=\"btnDelete\" name=\"btnDelete\" value=\"Delete\" data-toggle=\"modal\" data-target=\"#deleteConfModal\" disabled=\"disabled\">`\n\nFix this problem, or use `{force: true}` to disable error checking.\n\nhttps://on.cypress.io/element-cannot-be-interacted-with\n    at $Cy.ensureNotDisabled (http://localhost:480/__cypress/runner/cypress_runner.js:163787:76)\n    at runAllChecks (http://localhost:480/__cypress/runner/cypress_runner.js:150485:14)\n    at retryActionability (http://localhost:480/__cypress/runner/cypress_runner.js:150562:16)\n    at tryCatcher (http://localhost:480/__cypress/runner/cypress_runner.js:13022:23)\n    at Function.Promise.attempt.Promise.try (http://localhost:480/__cypress/runner/cypress_runner.js:10296:29)\n    at whenStable (http://localhost:480/__cypress/runner/cypress_runner.js:168719:63)\n    at http://localhost:480/__cypress/runner/cypress_runner.js:168216:14\n    at tryCatcher (http://localhost:480/__cypress/runner/cypress_runner.js:13022:23)\n    at Promise._settlePromiseFromHandler (http://localhost:480/__cypress/runner/cypress_runner.js:10957:31)\n    at Promise._settlePromise (http://localhost:480/__cypress/runner/cypress_runner.js:11014:18)\n    at Promise._settlePromise0 (http://localhost:480/__cypress/runner/cypress_runner.js:11059:10)\n    at Promise._settlePromises (http://localhost:480/__cypress/runner/cypress_runner.js:11139:18)\n    at Promise._fulfill (http://localhost:480/__cypress/runner/cypress_runner.js:11083:18)\n    at http://localhost:480/__cypress/runner/cypress_runner.js:12697:46\nFrom Your Spec Code:\n    at LeavePage.deleteLeaveType (http://localhost:480/__cypress/tests?p=cypress\\integration\\mytests\\leave.test.js:213:26)\n    at Context.eval (http://localhost:480/__cypress/tests?p=cypress\\integration\\mytests\\leave.test.js:153:24)",
                "diff": null
              },
              "uuid": "9008ea35-968f-4abe-b599-97f6071b09a7",
              "parentUUID": "8643cae1-2bab-49c2-b1c5-756b1fc517f8",
              "isHook": false,
              "skipped": false
            },
            {
              "title": "Validates if you can assign leave to an employee",
              "fullTitle": "Leave Tests Validates if you can assign leave to an employee",
              "timedOut": null,
              "duration": 4211,
              "state": "failed",
              "speed": null,
              "pass": false,
              "fail": true,
              "pending": false,
              "context": null,
              "code": "_leavePage.default.assignLeave(credentials.employeename, credentials.comment);",
              "err": {
                "message": "ReferenceError: value is not defined",
                "estack": "ReferenceError: value is not defined\n    at LeavePage.assignLeave (http://localhost:480/__cypress/tests?p=cypress\\integration\\mytests\\leave.test.js:222:68)\n    at Context.eval (http://localhost:480/__cypress/tests?p=cypress\\integration\\mytests\\leave.test.js:156:24)",
                "diff": null
              },
              "uuid": "0f2aad79-1748-44e9-9382-eb8e961558e6",
              "parentUUID": "8643cae1-2bab-49c2-b1c5-756b1fc517f8",
              "isHook": false,
              "skipped": false
            }
          ],
          "suites": [],
          "passes": [
            "f583c118-be5e-4e0b-bac7-0b4ba4b95813"
          ],
          "failures": [
            "9008ea35-968f-4abe-b599-97f6071b09a7",
            "0f2aad79-1748-44e9-9382-eb8e961558e6"
          ],
          "pending": [],
          "skipped": [],
          "duration": 18112,
          "root": false,
          "rootEmpty": false,
          "_timeout": 2000
        }
      ],
      "passes": [],
      "failures": [],
      "pending": [],
      "skipped": [],
      "duration": 0,
      "root": true,
      "rootEmpty": true,
      "_timeout": 2000
    }
  ],
  "meta": {
    "mocha": {
      "version": "7.0.1"
    },
    "mochawesome": {
      "options": {
        "quiet": false,
        "reportFilename": "mochawesome",
        "saveHtml": false,
        "saveJson": true,
        "consoleReporter": "spec",
        "useInlineDiffs": false,
        "code": true
      },
      "version": "7.1.1"
    },
    "marge": {
      "options": {
        "id": "default",
        "reportDir": "cypress/reports/mocha",
        "quite": true,
        "overwrite": false,
        "html": false,
        "json": true
      },
      "version": "6.1.0"
    }
  }
}