{
  "stats": {
    "suites": 1,
    "tests": 2,
    "passes": 0,
    "pending": 0,
    "failures": 2,
    "start": "2022-03-26T17:04:00.237Z",
    "end": "2022-03-26T17:04:08.547Z",
    "duration": 8310,
    "testsRegistered": 2,
    "passPercent": 0,
    "pendingPercent": 0,
    "other": 0,
    "hasOther": false,
    "skipped": 0,
    "hasSkipped": false
  },
  "results": [
    {
      "uuid": "b843caa4-ff61-4d03-8f1d-542faa069f7c",
      "title": "",
      "fullFile": "cypress/integration/mytests/admin.test.js",
      "file": "cypress/integration/mytests/admin.test.js",
      "beforeHooks": [],
      "afterHooks": [],
      "tests": [],
      "suites": [
        {
          "uuid": "b6d22a21-b00e-4616-ab5e-f61432aff35d",
          "title": "Finds an element",
          "fullFile": "",
          "file": "",
          "beforeHooks": [],
          "afterHooks": [],
          "tests": [
            {
              "title": "Search an existing user",
              "fullTitle": "Finds an element Search an existing user",
              "timedOut": null,
              "duration": 4143,
              "state": "failed",
              "speed": null,
              "pass": false,
              "fail": true,
              "pending": false,
              "context": null,
              "code": "//Admin Tab navigation\ncy.get('#menu_admin_viewAdminModule > b').click();\ncy.get('#menu_admin_UserManagement');\ncy.get('#searchSystemUser_userName').type('Admin');\ncy.get('#searchSystemUser_userType').select('Admin');\ncy.get('#searchSystemUser_employeeName_empName').type('Jessica Belen Collings');\ncy.get('#searchSystemUser_status').select('Enabled');\ncy.get('#searchBtn').click();",
              "err": {
                "message": "AssertionError: Timed out retrying after 4000ms: Expected to find element: `#menu_admin_viewAdminModule > b`, but never found it.",
                "estack": "AssertionError: Timed out retrying after 4000ms: Expected to find element: `#menu_admin_viewAdminModule > b`, but never found it.\n    at Context.eval (http://localhost:58583/__cypress/tests?p=cypress\\integration\\mytests\\admin.test.js:102:8)",
                "diff": null
              },
              "uuid": "c2b16d40-eaab-4ba4-8dae-37e6b8470f79",
              "parentUUID": "b6d22a21-b00e-4616-ab5e-f61432aff35d",
              "isHook": false,
              "skipped": false
            },
            {
              "title": "Add new user",
              "fullTitle": "Finds an element Add new user",
              "timedOut": null,
              "duration": 4116,
              "state": "failed",
              "speed": null,
              "pass": false,
              "fail": true,
              "pending": false,
              "context": null,
              "code": "//Add new user\ncy.get('#btnAdd').click();\ncy.get('#systemUser_userType').select('Admin');\ncy.get('#systemUser_employeeName_empName').type('Sindi Kubheka');\ncy.get('#systemUser_userName').type('sindik');\ncy.get('#systemUser_status').select('Enabled');\ncy.get('#systemUser_password').type('Sindi@456');\ncy.get('#systemUser_confirmPassword').type('Sindi@456');\ncy.get('#btnSave').click();",
              "err": {
                "message": "AssertionError: Timed out retrying after 4000ms: Expected to find element: `#btnAdd`, but never found it.",
                "estack": "AssertionError: Timed out retrying after 4000ms: Expected to find element: `#btnAdd`, but never found it.\n    at Context.eval (http://localhost:58583/__cypress/tests?p=cypress\\integration\\mytests\\admin.test.js:112:8)",
                "diff": null
              },
              "uuid": "8162dcff-9413-40e5-a443-7ec17c41de32",
              "parentUUID": "b6d22a21-b00e-4616-ab5e-f61432aff35d",
              "isHook": false,
              "skipped": false
            }
          ],
          "suites": [],
          "passes": [],
          "failures": [
            "c2b16d40-eaab-4ba4-8dae-37e6b8470f79",
            "8162dcff-9413-40e5-a443-7ec17c41de32"
          ],
          "pending": [],
          "skipped": [],
          "duration": 8259,
          "root": false,
          "rootEmpty": false,
          "_timeout": 2000
        }
      ],
      "passes": [],
      "failures": [],
      "pending": [],
      "skipped": [],
      "duration": 0,
      "root": true,
      "rootEmpty": true,
      "_timeout": 2000
    }
  ],
  "meta": {
    "mocha": {
      "version": "7.0.1"
    },
    "mochawesome": {
      "options": {
        "quiet": false,
        "reportFilename": "mochawesome",
        "saveHtml": false,
        "saveJson": true,
        "consoleReporter": "spec",
        "useInlineDiffs": false,
        "code": true
      },
      "version": "7.1.1"
    },
    "marge": {
      "options": {
        "id": "default",
        "reportDir": "cypress/reports/mocha",
        "quite": true,
        "overwrite": false,
        "html": false,
        "json": true
      },
      "version": "6.1.0"
    }
  }
}