{
  "stats": {
    "suites": 1,
    "tests": 3,
    "passes": 3,
    "pending": 0,
    "failures": 0,
    "start": "2022-03-04T13:47:17.816Z",
    "end": "2022-03-04T13:47:21.291Z",
    "duration": 3475,
    "testsRegistered": 3,
    "passPercent": 100,
    "pendingPercent": 0,
    "other": 0,
    "hasOther": false,
    "skipped": 0,
    "hasSkipped": false
  },
  "results": [
    {
      "uuid": "fb210de5-f425-4a87-89fa-46c3ee373498",
      "title": "",
      "fullFile": "cypress/integration/2-advanced-examples/navigation.spec.js",
      "file": "cypress/integration/2-advanced-examples/navigation.spec.js",
      "beforeHooks": [],
      "afterHooks": [],
      "tests": [],
      "suites": [
        {
          "uuid": "3b13dc19-fd89-4dec-a9f7-614adc9e6b80",
          "title": "Navigation",
          "fullFile": "",
          "file": "",
          "beforeHooks": [],
          "afterHooks": [],
          "tests": [
            {
              "title": "cy.go() - go back or forward in the browser's history",
              "fullTitle": "Navigation cy.go() - go back or forward in the browser's history",
              "timedOut": null,
              "duration": 1291,
              "state": "passed",
              "speed": "fast",
              "pass": true,
              "fail": false,
              "pending": false,
              "context": null,
              "code": "// https://on.cypress.io/go\ncy.location('pathname').should('include', 'navigation');\ncy.go('back');\ncy.location('pathname').should('not.include', 'navigation');\ncy.go('forward');\ncy.location('pathname').should('include', 'navigation'); // clicking back\ncy.go(-1);\ncy.location('pathname').should('not.include', 'navigation'); // clicking forward\ncy.go(1);\ncy.location('pathname').should('include', 'navigation');",
              "err": {},
              "uuid": "3eff9a8a-a9b3-4c94-aa03-b6e042876fdb",
              "parentUUID": "3b13dc19-fd89-4dec-a9f7-614adc9e6b80",
              "isHook": false,
              "skipped": false
            },
            {
              "title": "cy.reload() - reload the page",
              "fullTitle": "Navigation cy.reload() - reload the page",
              "timedOut": null,
              "duration": 594,
              "state": "passed",
              "speed": "fast",
              "pass": true,
              "fail": false,
              "pending": false,
              "context": null,
              "code": "// https://on.cypress.io/reload\ncy.reload(); // reload the page without using the cache\ncy.reload(true);",
              "err": {},
              "uuid": "2b8ee1d9-6fff-4d0a-b8e5-7620b177312d",
              "parentUUID": "3b13dc19-fd89-4dec-a9f7-614adc9e6b80",
              "isHook": false,
              "skipped": false
            },
            {
              "title": "cy.visit() - visit a remote url",
              "fullTitle": "Navigation cy.visit() - visit a remote url",
              "timedOut": null,
              "duration": 420,
              "state": "passed",
              "speed": "fast",
              "pass": true,
              "fail": false,
              "pending": false,
              "context": null,
              "code": "// https://on.cypress.io/visit\n// Visit any sub-domain of your current domain\n// Pass options to the visit\ncy.visit('https://example.cypress.io/commands/navigation', {\n  timeout: 50000,\n  // increase total time for the visit to resolve\n  onBeforeLoad(contentWindow) {\n    // contentWindow is the remote page's window object\n    expect(typeof contentWindow === 'object').to.be.true;\n  },\n  onLoad(contentWindow) {\n    // contentWindow is the remote page's window object\n    expect(typeof contentWindow === 'object').to.be.true;\n  }\n});",
              "err": {},
              "uuid": "10dcfc74-0363-4584-87b0-f4bd25b5d6ea",
              "parentUUID": "3b13dc19-fd89-4dec-a9f7-614adc9e6b80",
              "isHook": false,
              "skipped": false
            }
          ],
          "suites": [],
          "passes": [
            "3eff9a8a-a9b3-4c94-aa03-b6e042876fdb",
            "2b8ee1d9-6fff-4d0a-b8e5-7620b177312d",
            "10dcfc74-0363-4584-87b0-f4bd25b5d6ea"
          ],
          "failures": [],
          "pending": [],
          "skipped": [],
          "duration": 2305,
          "root": false,
          "rootEmpty": false,
          "_timeout": 2000
        }
      ],
      "passes": [],
      "failures": [],
      "pending": [],
      "skipped": [],
      "duration": 0,
      "root": true,
      "rootEmpty": true,
      "_timeout": 2000
    }
  ],
  "meta": {
    "mocha": {
      "version": "7.0.1"
    },
    "mochawesome": {
      "options": {
        "quiet": false,
        "reportFilename": "mochawesome",
        "saveHtml": false,
        "saveJson": true,
        "consoleReporter": "spec",
        "useInlineDiffs": false,
        "code": true
      },
      "version": "7.1.1"
    },
    "marge": {
      "options": {
        "id": "default",
        "reportDir": "cypress/reports/mocha",
        "quite": true,
        "overwrite": false,
        "html": false,
        "json": true
      },
      "version": "6.1.0"
    }
  }
}